

Version:	3.50
CmdLine:	C:\monash\FIT3077\projects\sprint2\FIT3077_A2\out\artifacts\sgad0010_jar4.exe --l4j-debug
JNI:		No
WOW64:		Yes
Working dir:	C:\monash\FIT3077\projects\sprint2\FIT3077_A2\out\artifacts\.
Requires JDK:	No
Requires 64-Bit: No
Java min ver:	
Java max ver:	
Substitute:	JAVA_HOME = 
Substitute:	PATH = C:\Program Files\Common Files\Oracle\Java\javapath;C:\Windows\system32;C:\Windows;C:\Windows\System32\Wbem;C:\Windows\System32\WindowsPowerShell\v1.0\;C:\Windows\System32\OpenSSH\;C:\Program Files\dotnet\;C:\WINDOWS\system32;C:\WINDOWS;C:\WINDOWS\System32\Wbem;C:\WINDOWS\System32\WindowsPowerShell\v1.0\;C:\WINDOWS\System32\OpenSSH\;C:\Program Files (x86)\NVIDIA Corporation\PhysX\Common;C:\Program Files\NVIDIA Corporation\NVIDIA app\NvDLISR;C:\Program Files\Java\jre1.8.0_441\bin;C:\Program Files\Java\jdk-24;C:\Program Files\Git\cmd;C:\Users\rohit\AppData\Local\Programs\Python\Python311\Scripts\;C:\Users\rohit\AppData\Local\Programs\Python\Python311\;C:\Users\rohit\AppData\Local\Microsoft\WindowsApps;;C:\Users\rohit\AppData\Local\Programs\Microsoft VS Code\bin;C:\Program Files\Java\jdk-24\bin
JRE paths:	;C:\Program Files\Common Files\Oracle\Java\javapath;C:\Windows\system32;C:\Windows;C:\Windows\System32\Wbem;C:\Windows\System32\WindowsPowerShell\v1.0\;C:\Windows\System32\OpenSSH\;C:\Program Files\dotnet\;C:\WINDOWS\system32;C:\WINDOWS;C:\WINDOWS\System32\Wbem;C:\WINDOWS\System32\WindowsPowerShell\v1.0\;C:\WINDOWS\System32\OpenSSH\;C:\Program Files (x86)\NVIDIA Corporation\PhysX\Common;C:\Program Files\NVIDIA Corporation\NVIDIA app\NvDLISR;C:\Program Files\Java\jre1.8.0_441\bin;C:\Program Files\Java\jdk-24;C:\Program Files\Git\cmd;C:\Users\rohit\AppData\Local\Programs\Python\Python311\Scripts\;C:\Users\rohit\AppData\Local\Programs\Python\Python311\;C:\Users\rohit\AppData\Local\Microsoft\WindowsApps;;C:\Users\rohit\AppData\Local\Programs\Microsoft VS Code\bin;C:\Program Files\Java\jdk-24\bin
Check launcher:	C:\Program Files\Common Files\Oracle\Java\javapath\bin\javaw.exe (not found)
Check launcher:	C:\Windows\system32\bin\javaw.exe (not found)
Check launcher:	C:\Windows\bin\javaw.exe (not found)
Check launcher:	C:\Windows\System32\Wbem\bin\javaw.exe (not found)
Check launcher:	C:\Windows\System32\WindowsPowerShell\v1.0\bin\javaw.exe (not found)
Check launcher:	C:\Windows\System32\OpenSSH\bin\javaw.exe (not found)
Check launcher:	C:\Program Files\dotnet\bin\javaw.exe (not found)
Check launcher:	C:\WINDOWS\system32\bin\javaw.exe (not found)
Check launcher:	C:\WINDOWS\bin\javaw.exe (not found)
Check launcher:	C:\WINDOWS\System32\Wbem\bin\javaw.exe (not found)
Check launcher:	C:\WINDOWS\System32\WindowsPowerShell\v1.0\bin\javaw.exe (not found)
Check launcher:	C:\WINDOWS\System32\OpenSSH\bin\javaw.exe (not found)
Check launcher:	C:\Program Files (x86)\NVIDIA Corporation\PhysX\Common\bin\javaw.exe (not found)
Check launcher:	C:\Program Files\NVIDIA Corporation\NVIDIA app\NvDLISR\bin\javaw.exe (not found)
Check launcher:	C:\Program Files\Java\jre1.8.0_441\bin\javaw.exe (not found)
Check launcher:	C:\Program Files\Java\jdk-24\bin\javaw.exe (OK)
Version string: 1.024.000 / 64-Bit (OK)
Launcher:	C:\Program Files\Java\jdk-24\bin\javaw.exe
Launcher args:	-jar "C:\monash\FIT3077\projects\sprint2\FIT3077_A2\out\artifacts\sgad0010_jar4.exe"
Args length:	84/32768 chars
Exit code:	0
